0 info it worked if it ends with ok
1 verbose cli [ '/usr/local/Cellar/node/7.5.0/bin/node',
1 verbose cli   '/Users/matze/.node_modules_global/bin/npm',
1 verbose cli   'start' ]
2 info using npm@4.0.5
3 info using node@v7.5.0
4 verbose run-script [ 'prestart', 'start', 'poststart' ]
5 info lifecycle wasm-test@1.0.0~prestart: wasm-test@1.0.0
6 silly lifecycle wasm-test@1.0.0~prestart: no script for prestart, continuing
7 info lifecycle wasm-test@1.0.0~start: wasm-test@1.0.0
8 verbose lifecycle wasm-test@1.0.0~start: unsafe-perm in lifecycle true
9 verbose lifecycle wasm-test@1.0.0~start: PATH: /Users/matze/.node_modules_global/lib/node_modules/npm/bin/node-gyp-bin:/Users/matze/repos/wasmModule/node_modules/.bin:/Users/matze/.node_modules_global/bin:/Users/matze/anaconda/bin:/Users/matze/anaconda/bin:/Library/Frameworks/Python.framework/Versions/3.4/bin:/usr/local/lib:/usr/local/bin:/usr/local/bin:/usr/bin:/bin:/usr/sbin:/sbin:/opt/X11/bin:/Library/Frameworks/Mono.framework/Versions/Current/Commands:/usr/texbin:/Users/matze/bin
10 verbose lifecycle wasm-test@1.0.0~start: CWD: /Users/matze/repos/wasmModule
11 silly lifecycle wasm-test@1.0.0~start: Args: [ '-c', 'node index.js && node server.js' ]
12 silly lifecycle wasm-test@1.0.0~start: Returned: code: 1  signal: null
13 info lifecycle wasm-test@1.0.0~start: Failed to exec start script
14 verbose stack Error: wasm-test@1.0.0 start: `node index.js && node server.js`
14 verbose stack Exit status 1
14 verbose stack     at EventEmitter.<anonymous> (/Users/matze/.node_modules_global/lib/node_modules/npm/lib/utils/lifecycle.js:279:16)
14 verbose stack     at emitTwo (events.js:106:13)
14 verbose stack     at EventEmitter.emit (events.js:192:7)
14 verbose stack     at ChildProcess.<anonymous> (/Users/matze/.node_modules_global/lib/node_modules/npm/lib/utils/spawn.js:40:14)
14 verbose stack     at emitTwo (events.js:106:13)
14 verbose stack     at ChildProcess.emit (events.js:192:7)
14 verbose stack     at maybeClose (internal/child_process.js:890:16)
14 verbose stack     at Process.ChildProcess._handle.onexit (internal/child_process.js:226:5)
15 verbose pkgid wasm-test@1.0.0
16 verbose cwd /Users/matze/repos/wasmModule
17 error Darwin 14.5.0
18 error argv "/usr/local/Cellar/node/7.5.0/bin/node" "/Users/matze/.node_modules_global/bin/npm" "start"
19 error node v7.5.0
20 error npm  v4.0.5
21 error code ELIFECYCLE
22 error wasm-test@1.0.0 start: `node index.js && node server.js`
22 error Exit status 1
23 error Failed at the wasm-test@1.0.0 start script 'node index.js && node server.js'.
23 error Make sure you have the latest version of node.js and npm installed.
23 error If you do, this is most likely a problem with the wasm-test package,
23 error not with npm itself.
23 error Tell the author that this fails on your system:
23 error     node index.js && node server.js
23 error You can get information on how to open an issue for this project with:
23 error     npm bugs wasm-test
23 error Or if that isn't available, you can get their info via:
23 error     npm owner ls wasm-test
23 error There is likely additional logging output above.
24 verbose exit [ 1, true ]
